Performing C SOURCE FILE Test CMAKE_HAVE_LIBC_PTHREAD failed with the following output:
Change Dir: E:/app3/app/.cxx/Debug/3v3x3y4t/arm64-v8a/CMakeFiles/CMakeTmp

Run Build Command(s):D:/app/Adroid SDK/cmake/3.18.1/bin/ninja.exe cmTC_53a2f && [1/2] Building C object CMakeFiles/cmTC_53a2f.dir/src.c.o
src.c:13:3: warning: implicit declaration of function 'pthread_cancel' is invalid in C99 [-Wimplicit-function-declaration]
  pthread_cancel(thread);
  ^
1 warning generated.
[2/2] Linking C executable cmTC_53a2f
FAILED: cmTC_53a2f 
cmd.exe /C "cd . && D:\app\ADROID~1\ndk\201~1.594\TOOLCH~1\llvm\prebuilt\WINDOW~1\bin\clang.exe --target=aarch64-none-linux-android24 --gcc-toolchain="D:/app/Adroid SDK/ndk/20.1.5948944/toolchains/llvm/prebuilt/windows-x86_64" --sysroot="D:/app/Adroid SDK/ndk/20.1.5948944/toolchains/llvm/prebuilt/windows-x86_64/sysroot" -g -DANDROID -fdata-sections -ffunction-sections -funwind-tables -fstack-protector-strong -no-canonical-prefixes -fno-addrsig -Wa,--noexecstack -Wformat -Werror=format-security  -DCMAKE_HAVE_LIBC_PTHREAD -Wl,--exclude-libs,libgcc.a -Wl,--exclude-libs,libatomic.a -static-libstdc++ -Wl,--build-id -Wl,--warn-shared-textrel -Wl,--fatal-warnings -Wl,--no-undefined -Qunused-arguments -Wl,-z,noexecstack -Wl,--gc-sections CMakeFiles/cmTC_53a2f.dir/src.c.o -o cmTC_53a2f  -latomic -lm && cd ."
CMakeFiles/cmTC_53a2f.dir/src.c.o: In function `main':
E:\app3\app\.cxx\Debug\3v3x3y4t\arm64-v8a\CMakeFiles\CMakeTmp/src.c:13: undefined reference to `pthread_cancel'
E:\app3\app\.cxx\Debug\3v3x3y4t\arm64-v8a\CMakeFiles\CMakeTmp/src.c:13: undefined reference to `pthread_cancel'
clang: error: linker command failed with exit code 1 (use -v to see invocation)
ninja: build stopped: subcommand failed.


Source file was:
#include <pthread.h>

void* test_func(void* data)
{
  return data;
}

int main(void)
{
  pthread_t thread;
  pthread_create(&thread, NULL, test_func, NULL);
  pthread_detach(thread);
  pthread_cancel(thread);
  pthread_join(thread, NULL);
  pthread_atfork(NULL, NULL, NULL);
  pthread_exit(NULL);

  return 0;
}

