Performing C SOURCE FILE Test CMAKE_HAVE_LIBC_PTHREAD failed with the following output:
Change Dir: E:/app3/app/.cxx/Debug/5i2l18x3/x86/CMakeFiles/CMakeTmp

Run Build Command(s):D:/app/Adroid SDK/cmake/3.18.1/bin/ninja.exe cmTC_a953e && [1/2] Building C object CMakeFiles/cmTC_a953e.dir/src.c.o
src.c:13:3: warning: implicit declaration of function 'pthread_cancel' is invalid in C99 [-Wimplicit-function-declaration]
  pthread_cancel(thread);
  ^
1 warning generated.
[2/2] Linking C executable cmTC_a953e
FAILED: cmTC_a953e 
cmd.exe /C "cd . && D:\app\ADROID~1\ndk\231~1.777\TOOLCH~1\llvm\prebuilt\WINDOW~1\bin\clang.exe --target=i686-none-linux-android24 --gcc-toolchain="D:/app/Adroid SDK/ndk/23.1.7779620/toolchains/llvm/prebuilt/windows-x86_64" --sysroot="D:/app/Adroid SDK/ndk/23.1.7779620/toolchains/llvm/prebuilt/windows-x86_64/sysroot" -g -DANDROID -fdata-sections -ffunction-sections -funwind-tables -fstack-protector-strong -no-canonical-prefixes -D_FORTIFY_SOURCE=2 -Wformat -Werror=format-security  -DCMAKE_HAVE_LIBC_PTHREAD -static-libstdc++ -Wl,--build-id=sha1 -Wl,--no-rosegment -Wl,--fatal-warnings -Wl,--no-undefined -Qunused-arguments -Wl,--gc-sections CMakeFiles/cmTC_a953e.dir/src.c.o -o cmTC_a953e  -latomic -lm && cd ."
ld: error: undefined symbol: pthread_cancel
>>> referenced by src.c:13
>>>               CMakeFiles/cmTC_a953e.dir/src.c.o:(main)
clang: error: linker command failed with exit code 1 (use -v to see invocation)
ninja: build stopped: subcommand failed.


Source file was:
#include <pthread.h>

void* test_func(void* data)
{
  return data;
}

int main(void)
{
  pthread_t thread;
  pthread_create(&thread, NULL, test_func, NULL);
  pthread_detach(thread);
  pthread_cancel(thread);
  pthread_join(thread, NULL);
  pthread_atfork(NULL, NULL, NULL);
  pthread_exit(NULL);

  return 0;
}

